<?xml version="1.0" encoding="UTF-8"?>
<!-- Generated by org.testng.reporters.JUnitReportReporter -->
<testsuite skipped="0" hostname="Shri-PC" name="f1.TestRun" tests="1" failures="0" timestamp="08 Mar 2018 05:45:29 GMT" time="12.151" errors="0">
  <testcase name="T1" time="12.151" classname="f1.TestRun"/>
</testsuite> <!-- f1.TestRun -->
